0 info it worked if it ends with ok
1 verbose cli [ '/usr/local/node/bin/node',
1 verbose cli   '/usr/local/node/bin/npm',
1 verbose cli   'run',
1 verbose cli   'mongod' ]
2 info using npm@1.3.24
3 info using node@v0.10.25
4 error Failed to parse json
4 error Unexpected string
5 error File: /data/code/airbnb-js/package.json
6 error Failed to parse package.json data.
6 error package.json must be actual JSON, not just JavaScript.
6 error
6 error This is not a bug in npm.
6 error Tell the package author to fix their package.json file. JSON.parse
7 error System Linux 3.11.0-12-generic
8 error command "/usr/local/node/bin/node" "/usr/local/node/bin/npm" "run" "mongod"
9 error cwd /data/code/airbnb-js
10 error node -v v0.10.25
11 error npm -v 1.3.24
12 error file /data/code/airbnb-js/package.json
13 error code EJSONPARSE
14 verbose exit [ 1, true ]
